终端机在文法中未使用

    ERROR


状态 9冲突：1 项偏移/归约
状态 15冲突：1 项偏移/归约
状态 16冲突：1 项偏移/归约
状态 17冲突：1 项偏移/归约
状态 22冲突：1 项偏移/归约
状态 119冲突：14 项偏移/归约
状态 138冲突：9 项偏移/归约
状态 149冲突：9 项偏移/归约


语法

    0 $accept: program $end

    1 program: class_list

    2 class_list: class
    3           | class_list class

    4 class: CLASS TYPEID '{' feature_list '}' ';'
    5      | CLASS TYPEID INHERITS TYPEID '{' feature_list '}' ';'

    6 feature_list: ε
    7             | feature
    8             | feature_list feature
    9             | error ';' feature_list

   10 feature: OBJECTID '(' ')' ':' TYPEID '{' expression '}' ';'
   11        | OBJECTID '(' formal_list ')' ':' TYPEID '{' expression '}' ';'
   12        | OBJECTID ':' TYPEID ';'
   13        | OBJECTID ':' TYPEID ASSIGN expression ';'

   14 formal_list: ε
   15            | formal
   16            | formal_list ',' formal

   17 formal: OBJECTID ':' TYPEID

   18 case_list: case
   19          | case_list case

   20 case: OBJECTID ':' TYPEID DARROW expression ';'

   21 expression_list: expression ';'
   22                | expression_list expression ';'
   23                | error ';' expression_list

   24 formal_expression_list: ε
   25                       | expression
   26                       | formal_expression_list ',' expression

   27 expression: OBJECTID ASSIGN expression
   28           | expression '.' OBJECTID '(' formal_expression_list ')'
   29           | expression '@' TYPEID '.' OBJECTID '(' formal_expression_list ')'
   30           | OBJECTID '(' formal_expression_list ')'
   31           | IF expression THEN expression ELSE expression FI
   32           | WHILE expression LOOP expression POOL
   33           | '{' expression_list '}'
   34           | LET let_expression
   35           | CASE expression OF case_list ESAC
   36           | NEW TYPEID
   37           | ISVOID expression
   38           | expression '+' expression
   39           | expression '-' expression
   40           | expression '*' expression
   41           | expression '/' expression
   42           | '~' expression
   43           | expression '<' expression
   44           | expression LE expression
   45           | expression '=' expression
   46           | NOT expression
   47           | '(' expression ')'
   48           | OBJECTID
   49           | INT_CONST
   50           | STR_CONST
   51           | BOOL_CONST

   52 let_expression: OBJECTID ':' TYPEID IN expression
   53               | OBJECTID ':' TYPEID ASSIGN expression IN expression
   54               | OBJECTID ':' TYPEID ',' let_expression
   55               | OBJECTID ':' TYPEID ASSIGN expression ',' let_expression
   56               | error ',' let_expression


终结语词，附有它们出现处的规则

    $end (0) 0
    '(' (40) 10 11 28 29 30 47
    ')' (41) 10 11 28 29 30 47
    '*' (42) 40
    '+' (43) 38
    ',' (44) 16 26 54 55 56
    '-' (45) 39
    '.' (46) 28 29
    '/' (47) 41
    ':' (58) 10 11 12 13 17 20 52 53 54 55
    ';' (59) 4 5 9 10 11 12 13 20 21 22 23
    '<' (60) 43
    '=' (61) 45
    '@' (64) 29
    '{' (123) 4 5 10 11 33
    '}' (125) 4 5 10 11 33
    '~' (126) 42
    error (256) 9 23 56
    CLASS (258) 4 5
    ELSE (259) 31
    FI (260) 31
    IF (261) 31
    IN (262) 52 53
    INHERITS (263) 5
    LET (264) 34
    LOOP (265) 32
    POOL (266) 32
    THEN (267) 31
    WHILE (268) 32
    CASE (269) 35
    ESAC (270) 35
    OF (271) 35
    DARROW (272) 20
    NEW (273) 36
    ISVOID (274) 37
    STR_CONST <symbol> (275) 50
    INT_CONST <symbol> (276) 49
    BOOL_CONST <boolean> (277) 51
    TYPEID <symbol> (278) 4 5 10 11 12 13 17 20 29 36 52 53 54 55
    OBJECTID <symbol> (279) 10 11 12 13 17 20 27 28 29 30 48 52 53 54 55
    ASSIGN (280) 13 27 53 55
    NOT (281) 46
    LE (282) 44
    ERROR (283)


非终结语词，附有它们出现处的规则

    $accept (45)
        on left: 0
    program <program> (46)
        on left: 1
        on right: 0
    class_list <classes> (47)
        on left: 2 3
        on right: 1 3
    class <class_> (48)
        on left: 4 5
        on right: 2 3
    feature_list <features> (49)
        on left: 6 7 8 9
        on right: 4 5 8 9
    feature <feature> (50)
        on left: 10 11 12 13
        on right: 7 8
    formal_list <formals> (51)
        on left: 14 15 16
        on right: 11 16
    formal <formal> (52)
        on left: 17
        on right: 15 16
    case_list <cases> (53)
        on left: 18 19
        on right: 19 35
    case <case_> (54)
        on left: 20
        on right: 18 19
    expression_list <expressions> (55)
        on left: 21 22 23
        on right: 22 23 33
    formal_expression_list <expressions> (56)
        on left: 24 25 26
        on right: 26 28 29 30
    expression <expression> (57)
        on left: 27 28 29 30 31 32 33 34 35 36 37 38 39 40 41 42 43 44 45 46 47 48 49 50 51
        on right: 10 11 13 20 21 22 25 26 27 28 29 31 32 35 37 38 39 40 41 42 43 44 45 46 47 52 53 55
    let_expression <expression> (58)
        on left: 52 53 54 55 56
        on right: 34 54 55 56


状态 0

    0 $accept: • program $end

    CLASS  偏移，并进入状态 1

    program     转到状态 2
    class_list  转到状态 3
    class       转到状态 4


状态 1

    4 class: CLASS • TYPEID '{' feature_list '}' ';'
    5      | CLASS • TYPEID INHERITS TYPEID '{' feature_list '}' ';'

    TYPEID  偏移，并进入状态 5


状态 2

    0 $accept: program • $end

    $end  偏移，并进入状态 6


状态 3

    1 program: class_list •
    3 class_list: class_list • class

    CLASS  偏移，并进入状态 1

    $default  使用规则 1 以归约 (program)

    class  转到状态 7


状态 4

    2 class_list: class •

    $default  使用规则 2 以归约 (class_list)


状态 5

    4 class: CLASS TYPEID • '{' feature_list '}' ';'
    5      | CLASS TYPEID • INHERITS TYPEID '{' feature_list '}' ';'

    INHERITS  偏移，并进入状态 8
    '{'       偏移，并进入状态 9


状态 6

    0 $accept: program $end •

    $default  接受


状态 7

    3 class_list: class_list class •

    $default  使用规则 3 以归约 (class_list)


状态 8

    5 class: CLASS TYPEID INHERITS • TYPEID '{' feature_list '}' ';'

    TYPEID  偏移，并进入状态 10


状态 9

    4 class: CLASS TYPEID '{' • feature_list '}' ';'

    error     偏移，并进入状态 11
    OBJECTID  偏移，并进入状态 12

    OBJECTID  [使用规则 6 以归约 (feature_list)]
    '}'       使用规则 6 以归约 (feature_list)

    feature_list  转到状态 13
    feature       转到状态 14


状态 10

    5 class: CLASS TYPEID INHERITS TYPEID • '{' feature_list '}' ';'

    '{'  偏移，并进入状态 15


状态 11

    9 feature_list: error • ';' feature_list

    ';'  偏移，并进入状态 16


状态 12

   10 feature: OBJECTID • '(' ')' ':' TYPEID '{' expression '}' ';'
   11        | OBJECTID • '(' formal_list ')' ':' TYPEID '{' expression '}' ';'
   12        | OBJECTID • ':' TYPEID ';'
   13        | OBJECTID • ':' TYPEID ASSIGN expression ';'

    '('  偏移，并进入状态 17
    ':'  偏移，并进入状态 18


状态 13

    4 class: CLASS TYPEID '{' feature_list • '}' ';'
    8 feature_list: feature_list • feature

    OBJECTID  偏移，并进入状态 12
    '}'       偏移，并进入状态 19

    feature  转到状态 20


状态 14

    7 feature_list: feature •

    $default  使用规则 7 以归约 (feature_list)


状态 15

    5 class: CLASS TYPEID INHERITS TYPEID '{' • feature_list '}' ';'

    error     偏移，并进入状态 11
    OBJECTID  偏移，并进入状态 12

    OBJECTID  [使用规则 6 以归约 (feature_list)]
    '}'       使用规则 6 以归约 (feature_list)

    feature_list  转到状态 21
    feature       转到状态 14


状态 16

    9 feature_list: error ';' • feature_list

    error     偏移，并进入状态 11
    OBJECTID  偏移，并进入状态 12

    OBJECTID  [使用规则 6 以归约 (feature_list)]
    '}'       使用规则 6 以归约 (feature_list)

    feature_list  转到状态 22
    feature       转到状态 14


状态 17

   10 feature: OBJECTID '(' • ')' ':' TYPEID '{' expression '}' ';'
   11        | OBJECTID '(' • formal_list ')' ':' TYPEID '{' expression '}' ';'

    OBJECTID  偏移，并进入状态 23
    ')'       偏移，并进入状态 24

    ')'       [使用规则 14 以归约 (formal_list)]
    $default  使用规则 14 以归约 (formal_list)

    formal_list  转到状态 25
    formal       转到状态 26


状态 18

   12 feature: OBJECTID ':' • TYPEID ';'
   13        | OBJECTID ':' • TYPEID ASSIGN expression ';'

    TYPEID  偏移，并进入状态 27


状态 19

    4 class: CLASS TYPEID '{' feature_list '}' • ';'

    ';'  偏移，并进入状态 28


状态 20

    8 feature_list: feature_list feature •

    $default  使用规则 8 以归约 (feature_list)


状态 21

    5 class: CLASS TYPEID INHERITS TYPEID '{' feature_list • '}' ';'
    8 feature_list: feature_list • feature

    OBJECTID  偏移，并进入状态 12
    '}'       偏移，并进入状态 29

    feature  转到状态 20


状态 22

    8 feature_list: feature_list • feature
    9             | error ';' feature_list •

    OBJECTID  偏移，并进入状态 12

    OBJECTID  [使用规则 9 以归约 (feature_list)]
    $default  使用规则 9 以归约 (feature_list)

    feature  转到状态 20


状态 23

   17 formal: OBJECTID • ':' TYPEID

    ':'  偏移，并进入状态 30


状态 24

   10 feature: OBJECTID '(' ')' • ':' TYPEID '{' expression '}' ';'

    ':'  偏移，并进入状态 31


状态 25

   11 feature: OBJECTID '(' formal_list • ')' ':' TYPEID '{' expression '}' ';'
   16 formal_list: formal_list • ',' formal

    ')'  偏移，并进入状态 32
    ','  偏移，并进入状态 33


状态 26

   15 formal_list: formal •

    $default  使用规则 15 以归约 (formal_list)


状态 27

   12 feature: OBJECTID ':' TYPEID • ';'
   13        | OBJECTID ':' TYPEID • ASSIGN expression ';'

    ASSIGN  偏移，并进入状态 34
    ';'     偏移，并进入状态 35


状态 28

    4 class: CLASS TYPEID '{' feature_list '}' ';' •

    $default  使用规则 4 以归约 (class)


状态 29

    5 class: CLASS TYPEID INHERITS TYPEID '{' feature_list '}' • ';'

    ';'  偏移，并进入状态 36


状态 30

   17 formal: OBJECTID ':' • TYPEID

    TYPEID  偏移，并进入状态 37


状态 31

   10 feature: OBJECTID '(' ')' ':' • TYPEID '{' expression '}' ';'

    TYPEID  偏移，并进入状态 38


状态 32

   11 feature: OBJECTID '(' formal_list ')' • ':' TYPEID '{' expression '}' ';'

    ':'  偏移，并进入状态 39


状态 33

   16 formal_list: formal_list ',' • formal

    OBJECTID  偏移，并进入状态 23

    formal  转到状态 40


状态 34

   13 feature: OBJECTID ':' TYPEID ASSIGN • expression ';'

    IF          偏移，并进入状态 41
    LET         偏移，并进入状态 42
    WHILE       偏移，并进入状态 43
    CASE        偏移，并进入状态 44
    NEW         偏移，并进入状态 45
    ISVOID      偏移，并进入状态 46
    STR_CONST   偏移，并进入状态 47
    INT_CONST   偏移，并进入状态 48
    BOOL_CONST  偏移，并进入状态 49
    OBJECTID    偏移，并进入状态 50
    NOT         偏移，并进入状态 51
    '~'         偏移，并进入状态 52
    '{'         偏移，并进入状态 53
    '('         偏移，并进入状态 54

    expression  转到状态 55


状态 35

   12 feature: OBJECTID ':' TYPEID ';' •

    $default  使用规则 12 以归约 (feature)


状态 36

    5 class: CLASS TYPEID INHERITS TYPEID '{' feature_list '}' ';' •

    $default  使用规则 5 以归约 (class)


状态 37

   17 formal: OBJECTID ':' TYPEID •

    $default  使用规则 17 以归约 (formal)


状态 38

   10 feature: OBJECTID '(' ')' ':' TYPEID • '{' expression '}' ';'

    '{'  偏移，并进入状态 56


状态 39

   11 feature: OBJECTID '(' formal_list ')' ':' • TYPEID '{' expression '}' ';'

    TYPEID  偏移，并进入状态 57


状态 40

   16 formal_list: formal_list ',' formal •

    $default  使用规则 16 以归约 (formal_list)


状态 41

   31 expression: IF • expression THEN expression ELSE expression FI

    IF          偏移，并进入状态 41
    LET         偏移，并进入状态 42
    WHILE       偏移，并进入状态 43
    CASE        偏移，并进入状态 44
    NEW         偏移，并进入状态 45
    ISVOID      偏移，并进入状态 46
    STR_CONST   偏移，并进入状态 47
    INT_CONST   偏移，并进入状态 48
    BOOL_CONST  偏移，并进入状态 49
    OBJECTID    偏移，并进入状态 50
    NOT         偏移，并进入状态 51
    '~'         偏移，并进入状态 52
    '{'         偏移，并进入状态 53
    '('         偏移，并进入状态 54

    expression  转到状态 58


状态 42

   34 expression: LET • let_expression

    error     偏移，并进入状态 59
    OBJECTID  偏移，并进入状态 60

    let_expression  转到状态 61


状态 43

   32 expression: WHILE • expression LOOP expression POOL

    IF          偏移，并进入状态 41
    LET         偏移，并进入状态 42
    WHILE       偏移，并进入状态 43
    CASE        偏移，并进入状态 44
    NEW         偏移，并进入状态 45
    ISVOID      偏移，并进入状态 46
    STR_CONST   偏移，并进入状态 47
    INT_CONST   偏移，并进入状态 48
    BOOL_CONST  偏移，并进入状态 49
    OBJECTID    偏移，并进入状态 50
    NOT         偏移，并进入状态 51
    '~'         偏移，并进入状态 52
    '{'         偏移，并进入状态 53
    '('         偏移，并进入状态 54

    expression  转到状态 62


状态 44

   35 expression: CASE • expression OF case_list ESAC

    IF          偏移，并进入状态 41
    LET         偏移，并进入状态 42
    WHILE       偏移，并进入状态 43
    CASE        偏移，并进入状态 44
    NEW         偏移，并进入状态 45
    ISVOID      偏移，并进入状态 46
    STR_CONST   偏移，并进入状态 47
    INT_CONST   偏移，并进入状态 48
    BOOL_CONST  偏移，并进入状态 49
    OBJECTID    偏移，并进入状态 50
    NOT         偏移，并进入状态 51
    '~'         偏移，并进入状态 52
    '{'         偏移，并进入状态 53
    '('         偏移，并进入状态 54

    expression  转到状态 63


状态 45

   36 expression: NEW • TYPEID

    TYPEID  偏移，并进入状态 64


状态 46

   37 expression: ISVOID • expression

    IF          偏移，并进入状态 41
    LET         偏移，并进入状态 42
    WHILE       偏移，并进入状态 43
    CASE        偏移，并进入状态 44
    NEW         偏移，并进入状态 45
    ISVOID      偏移，并进入状态 46
    STR_CONST   偏移，并进入状态 47
    INT_CONST   偏移，并进入状态 48
    BOOL_CONST  偏移，并进入状态 49
    OBJECTID    偏移，并进入状态 50
    NOT         偏移，并进入状态 51
    '~'         偏移，并进入状态 52
    '{'         偏移，并进入状态 53
    '('         偏移，并进入状态 54

    expression  转到状态 65


状态 47

   50 expression: STR_CONST •

    $default  使用规则 50 以归约 (expression)


状态 48

   49 expression: INT_CONST •

    $default  使用规则 49 以归约 (expression)


状态 49

   51 expression: BOOL_CONST •

    $default  使用规则 51 以归约 (expression)


状态 50

   27 expression: OBJECTID • ASSIGN expression
   30           | OBJECTID • '(' formal_expression_list ')'
   48           | OBJECTID •

    ASSIGN  偏移，并进入状态 66
    '('     偏移，并进入状态 67

    $default  使用规则 48 以归约 (expression)


状态 51

   46 expression: NOT • expression

    IF          偏移，并进入状态 41
    LET         偏移，并进入状态 42
    WHILE       偏移，并进入状态 43
    CASE        偏移，并进入状态 44
    NEW         偏移，并进入状态 45
    ISVOID      偏移，并进入状态 46
    STR_CONST   偏移，并进入状态 47
    INT_CONST   偏移，并进入状态 48
    BOOL_CONST  偏移，并进入状态 49
    OBJECTID    偏移，并进入状态 50
    NOT         偏移，并进入状态 51
    '~'         偏移，并进入状态 52
    '{'         偏移，并进入状态 53
    '('         偏移，并进入状态 54

    expression  转到状态 68


状态 52

   42 expression: '~' • expression

    IF          偏移，并进入状态 41
    LET         偏移，并进入状态 42
    WHILE       偏移，并进入状态 43
    CASE        偏移，并进入状态 44
    NEW         偏移，并进入状态 45
    ISVOID      偏移，并进入状态 46
    STR_CONST   偏移，并进入状态 47
    INT_CONST   偏移，并进入状态 48
    BOOL_CONST  偏移，并进入状态 49
    OBJECTID    偏移，并进入状态 50
    NOT         偏移，并进入状态 51
    '~'         偏移，并进入状态 52
    '{'         偏移，并进入状态 53
    '('         偏移，并进入状态 54

    expression  转到状态 69


状态 53

   33 expression: '{' • expression_list '}'

    error       偏移，并进入状态 70
    IF          偏移，并进入状态 41
    LET         偏移，并进入状态 42
    WHILE       偏移，并进入状态 43
    CASE        偏移，并进入状态 44
    NEW         偏移，并进入状态 45
    ISVOID      偏移，并进入状态 46
    STR_CONST   偏移，并进入状态 47
    INT_CONST   偏移，并进入状态 48
    BOOL_CONST  偏移，并进入状态 49
    OBJECTID    偏移，并进入状态 50
    NOT         偏移，并进入状态 51
    '~'         偏移，并进入状态 52
    '{'         偏移，并进入状态 53
    '('         偏移，并进入状态 54

    expression_list  转到状态 71
    expression       转到状态 72


状态 54

   47 expression: '(' • expression ')'

    IF          偏移，并进入状态 41
    LET         偏移，并进入状态 42
    WHILE       偏移，并进入状态 43
    CASE        偏移，并进入状态 44
    NEW         偏移，并进入状态 45
    ISVOID      偏移，并进入状态 46
    STR_CONST   偏移，并进入状态 47
    INT_CONST   偏移，并进入状态 48
    BOOL_CONST  偏移，并进入状态 49
    OBJECTID    偏移，并进入状态 50
    NOT         偏移，并进入状态 51
    '~'         偏移，并进入状态 52
    '{'         偏移，并进入状态 53
    '('         偏移，并进入状态 54

    expression  转到状态 73


状态 55

   13 feature: OBJECTID ':' TYPEID ASSIGN expression • ';'
   28 expression: expression • '.' OBJECTID '(' formal_expression_list ')'
   29           | expression • '@' TYPEID '.' OBJECTID '(' formal_expression_list ')'
   38           | expression • '+' expression
   39           | expression • '-' expression
   40           | expression • '*' expression
   41           | expression • '/' expression
   43           | expression • '<' expression
   44           | expression • LE expression
   45           | expression • '=' expression

    LE   偏移，并进入状态 74
    '<'  偏移，并进入状态 75
    '='  偏移，并进入状态 76
    '+'  偏移，并进入状态 77
    '-'  偏移，并进入状态 78
    '*'  偏移，并进入状态 79
    '/'  偏移，并进入状态 80
    '@'  偏移，并进入状态 81
    '.'  偏移，并进入状态 82
    ';'  偏移，并进入状态 83


状态 56

   10 feature: OBJECTID '(' ')' ':' TYPEID '{' • expression '}' ';'

    IF          偏移，并进入状态 41
    LET         偏移，并进入状态 42
    WHILE       偏移，并进入状态 43
    CASE        偏移，并进入状态 44
    NEW         偏移，并进入状态 45
    ISVOID      偏移，并进入状态 46
    STR_CONST   偏移，并进入状态 47
    INT_CONST   偏移，并进入状态 48
    BOOL_CONST  偏移，并进入状态 49
    OBJECTID    偏移，并进入状态 50
    NOT         偏移，并进入状态 51
    '~'         偏移，并进入状态 52
    '{'         偏移，并进入状态 53
    '('         偏移，并进入状态 54

    expression  转到状态 84


状态 57

   11 feature: OBJECTID '(' formal_list ')' ':' TYPEID • '{' expression '}' ';'

    '{'  偏移，并进入状态 85


状态 58

   28 expression: expression • '.' OBJECTID '(' formal_expression_list ')'
   29           | expression • '@' TYPEID '.' OBJECTID '(' formal_expression_list ')'
   31           | IF expression • THEN expression ELSE expression FI
   38           | expression • '+' expression
   39           | expression • '-' expression
   40           | expression • '*' expression
   41           | expression • '/' expression
   43           | expression • '<' expression
   44           | expression • LE expression
   45           | expression • '=' expression

    THEN  偏移，并进入状态 86
    LE    偏移，并进入状态 74
    '<'   偏移，并进入状态 75
    '='   偏移，并进入状态 76
    '+'   偏移，并进入状态 77
    '-'   偏移，并进入状态 78
    '*'   偏移，并进入状态 79
    '/'   偏移，并进入状态 80
    '@'   偏移，并进入状态 81
    '.'   偏移，并进入状态 82


状态 59

   56 let_expression: error • ',' let_expression

    ','  偏移，并进入状态 87


状态 60

   52 let_expression: OBJECTID • ':' TYPEID IN expression
   53               | OBJECTID • ':' TYPEID ASSIGN expression IN expression
   54               | OBJECTID • ':' TYPEID ',' let_expression
   55               | OBJECTID • ':' TYPEID ASSIGN expression ',' let_expression

    ':'  偏移，并进入状态 88


状态 61

   34 expression: LET let_expression •

    $default  使用规则 34 以归约 (expression)


状态 62

   28 expression: expression • '.' OBJECTID '(' formal_expression_list ')'
   29           | expression • '@' TYPEID '.' OBJECTID '(' formal_expression_list ')'
   32           | WHILE expression • LOOP expression POOL
   38           | expression • '+' expression
   39           | expression • '-' expression
   40           | expression • '*' expression
   41           | expression • '/' expression
   43           | expression • '<' expression
   44           | expression • LE expression
   45           | expression • '=' expression

    LOOP  偏移，并进入状态 89
    LE    偏移，并进入状态 74
    '<'   偏移，并进入状态 75
    '='   偏移，并进入状态 76
    '+'   偏移，并进入状态 77
    '-'   偏移，并进入状态 78
    '*'   偏移，并进入状态 79
    '/'   偏移，并进入状态 80
    '@'   偏移，并进入状态 81
    '.'   偏移，并进入状态 82


状态 63

   28 expression: expression • '.' OBJECTID '(' formal_expression_list ')'
   29           | expression • '@' TYPEID '.' OBJECTID '(' formal_expression_list ')'
   35           | CASE expression • OF case_list ESAC
   38           | expression • '+' expression
   39           | expression • '-' expression
   40           | expression • '*' expression
   41           | expression • '/' expression
   43           | expression • '<' expression
   44           | expression • LE expression
   45           | expression • '=' expression

    OF   偏移，并进入状态 90
    LE   偏移，并进入状态 74
    '<'  偏移，并进入状态 75
    '='  偏移，并进入状态 76
    '+'  偏移，并进入状态 77
    '-'  偏移，并进入状态 78
    '*'  偏移，并进入状态 79
    '/'  偏移，并进入状态 80
    '@'  偏移，并进入状态 81
    '.'  偏移，并进入状态 82


状态 64

   36 expression: NEW TYPEID •

    $default  使用规则 36 以归约 (expression)


状态 65

   28 expression: expression • '.' OBJECTID '(' formal_expression_list ')'
   29           | expression • '@' TYPEID '.' OBJECTID '(' formal_expression_list ')'
   37           | ISVOID expression •
   38           | expression • '+' expression
   39           | expression • '-' expression
   40           | expression • '*' expression
   41           | expression • '/' expression
   43           | expression • '<' expression
   44           | expression • LE expression
   45           | expression • '=' expression

    '@'  偏移，并进入状态 81
    '.'  偏移，并进入状态 82

    $default  使用规则 37 以归约 (expression)


状态 66

   27 expression: OBJECTID ASSIGN • expression

    IF          偏移，并进入状态 41
    LET         偏移，并进入状态 42
    WHILE       偏移，并进入状态 43
    CASE        偏移，并进入状态 44
    NEW         偏移，并进入状态 45
    ISVOID      偏移，并进入状态 46
    STR_CONST   偏移，并进入状态 47
    INT_CONST   偏移，并进入状态 48
    BOOL_CONST  偏移，并进入状态 49
    OBJECTID    偏移，并进入状态 50
    NOT         偏移，并进入状态 51
    '~'         偏移，并进入状态 52
    '{'         偏移，并进入状态 53
    '('         偏移，并进入状态 54

    expression  转到状态 91


状态 67

   30 expression: OBJECTID '(' • formal_expression_list ')'

    IF          偏移，并进入状态 41
    LET         偏移，并进入状态 42
    WHILE       偏移，并进入状态 43
    CASE        偏移，并进入状态 44
    NEW         偏移，并进入状态 45
    ISVOID      偏移，并进入状态 46
    STR_CONST   偏移，并进入状态 47
    INT_CONST   偏移，并进入状态 48
    BOOL_CONST  偏移，并进入状态 49
    OBJECTID    偏移，并进入状态 50
    NOT         偏移，并进入状态 51
    '~'         偏移，并进入状态 52
    '{'         偏移，并进入状态 53
    '('         偏移，并进入状态 54

    $default  使用规则 24 以归约 (formal_expression_list)

    formal_expression_list  转到状态 92
    expression              转到状态 93


状态 68

   28 expression: expression • '.' OBJECTID '(' formal_expression_list ')'
   29           | expression • '@' TYPEID '.' OBJECTID '(' formal_expression_list ')'
   38           | expression • '+' expression
   39           | expression • '-' expression
   40           | expression • '*' expression
   41           | expression • '/' expression
   43           | expression • '<' expression
   44           | expression • LE expression
   45           | expression • '=' expression
   46           | NOT expression •

    LE   偏移，并进入状态 74
    '<'  偏移，并进入状态 75
    '='  偏移，并进入状态 76
    '+'  偏移，并进入状态 77
    '-'  偏移，并进入状态 78
    '*'  偏移，并进入状态 79
    '/'  偏移，并进入状态 80
    '@'  偏移，并进入状态 81
    '.'  偏移，并进入状态 82

    $default  使用规则 46 以归约 (expression)


状态 69

   28 expression: expression • '.' OBJECTID '(' formal_expression_list ')'
   29           | expression • '@' TYPEID '.' OBJECTID '(' formal_expression_list ')'
   38           | expression • '+' expression
   39           | expression • '-' expression
   40           | expression • '*' expression
   41           | expression • '/' expression
   42           | '~' expression •
   43           | expression • '<' expression
   44           | expression • LE expression
   45           | expression • '=' expression

    '@'  偏移，并进入状态 81
    '.'  偏移，并进入状态 82

    $default  使用规则 42 以归约 (expression)


状态 70

   23 expression_list: error • ';' expression_list

    ';'  偏移，并进入状态 94


状态 71

   22 expression_list: expression_list • expression ';'
   33 expression: '{' expression_list • '}'

    IF          偏移，并进入状态 41
    LET         偏移，并进入状态 42
    WHILE       偏移，并进入状态 43
    CASE        偏移，并进入状态 44
    NEW         偏移，并进入状态 45
    ISVOID      偏移，并进入状态 46
    STR_CONST   偏移，并进入状态 47
    INT_CONST   偏移，并进入状态 48
    BOOL_CONST  偏移，并进入状态 49
    OBJECTID    偏移，并进入状态 50
    NOT         偏移，并进入状态 51
    '~'         偏移，并进入状态 52
    '{'         偏移，并进入状态 53
    '}'         偏移，并进入状态 95
    '('         偏移，并进入状态 54

    expression  转到状态 96


状态 72

   21 expression_list: expression • ';'
   28 expression: expression • '.' OBJECTID '(' formal_expression_list ')'
   29           | expression • '@' TYPEID '.' OBJECTID '(' formal_expression_list ')'
   38           | expression • '+' expression
   39           | expression • '-' expression
   40           | expression • '*' expression
   41           | expression • '/' expression
   43           | expression • '<' expression
   44           | expression • LE expression
   45           | expression • '=' expression

    LE   偏移，并进入状态 74
    '<'  偏移，并进入状态 75
    '='  偏移，并进入状态 76
    '+'  偏移，并进入状态 77
    '-'  偏移，并进入状态 78
    '*'  偏移，并进入状态 79
    '/'  偏移，并进入状态 80
    '@'  偏移，并进入状态 81
    '.'  偏移，并进入状态 82
    ';'  偏移，并进入状态 97


状态 73

   28 expression: expression • '.' OBJECTID '(' formal_expression_list ')'
   29           | expression • '@' TYPEID '.' OBJECTID '(' formal_expression_list ')'
   38           | expression • '+' expression
   39           | expression • '-' expression
   40           | expression • '*' expression
   41           | expression • '/' expression
   43           | expression • '<' expression
   44           | expression • LE expression
   45           | expression • '=' expression
   47           | '(' expression • ')'

    LE   偏移，并进入状态 74
    '<'  偏移，并进入状态 75
    '='  偏移，并进入状态 76
    '+'  偏移，并进入状态 77
    '-'  偏移，并进入状态 78
    '*'  偏移，并进入状态 79
    '/'  偏移，并进入状态 80
    '@'  偏移，并进入状态 81
    '.'  偏移，并进入状态 82
    ')'  偏移，并进入状态 98


状态 74

   44 expression: expression LE • expression

    IF          偏移，并进入状态 41
    LET         偏移，并进入状态 42
    WHILE       偏移，并进入状态 43
    CASE        偏移，并进入状态 44
    NEW         偏移，并进入状态 45
    ISVOID      偏移，并进入状态 46
    STR_CONST   偏移，并进入状态 47
    INT_CONST   偏移，并进入状态 48
    BOOL_CONST  偏移，并进入状态 49
    OBJECTID    偏移，并进入状态 50
    NOT         偏移，并进入状态 51
    '~'         偏移，并进入状态 52
    '{'         偏移，并进入状态 53
    '('         偏移，并进入状态 54

    expression  转到状态 99


状态 75

   43 expression: expression '<' • expression

    IF          偏移，并进入状态 41
    LET         偏移，并进入状态 42
    WHILE       偏移，并进入状态 43
    CASE        偏移，并进入状态 44
    NEW         偏移，并进入状态 45
    ISVOID      偏移，并进入状态 46
    STR_CONST   偏移，并进入状态 47
    INT_CONST   偏移，并进入状态 48
    BOOL_CONST  偏移，并进入状态 49
    OBJECTID    偏移，并进入状态 50
    NOT         偏移，并进入状态 51
    '~'         偏移，并进入状态 52
    '{'         偏移，并进入状态 53
    '('         偏移，并进入状态 54

    expression  转到状态 100


状态 76

   45 expression: expression '=' • expression

    IF          偏移，并进入状态 41
    LET         偏移，并进入状态 42
    WHILE       偏移，并进入状态 43
    CASE        偏移，并进入状态 44
    NEW         偏移，并进入状态 45
    ISVOID      偏移，并进入状态 46
    STR_CONST   偏移，并进入状态 47
    INT_CONST   偏移，并进入状态 48
    BOOL_CONST  偏移，并进入状态 49
    OBJECTID    偏移，并进入状态 50
    NOT         偏移，并进入状态 51
    '~'         偏移，并进入状态 52
    '{'         偏移，并进入状态 53
    '('         偏移，并进入状态 54

    expression  转到状态 101


状态 77

   38 expression: expression '+' • expression

    IF          偏移，并进入状态 41
    LET         偏移，并进入状态 42
    WHILE       偏移，并进入状态 43
    CASE        偏移，并进入状态 44
    NEW         偏移，并进入状态 45
    ISVOID      偏移，并进入状态 46
    STR_CONST   偏移，并进入状态 47
    INT_CONST   偏移，并进入状态 48
    BOOL_CONST  偏移，并进入状态 49
    OBJECTID    偏移，并进入状态 50
    NOT         偏移，并进入状态 51
    '~'         偏移，并进入状态 52
    '{'         偏移，并进入状态 53
    '('         偏移，并进入状态 54

    expression  转到状态 102


状态 78

   39 expression: expression '-' • expression

    IF          偏移，并进入状态 41
    LET         偏移，并进入状态 42
    WHILE       偏移，并进入状态 43
    CASE        偏移，并进入状态 44
    NEW         偏移，并进入状态 45
    ISVOID      偏移，并进入状态 46
    STR_CONST   偏移，并进入状态 47
    INT_CONST   偏移，并进入状态 48
    BOOL_CONST  偏移，并进入状态 49
    OBJECTID    偏移，并进入状态 50
    NOT         偏移，并进入状态 51
    '~'         偏移，并进入状态 52
    '{'         偏移，并进入状态 53
    '('         偏移，并进入状态 54

    expression  转到状态 103


状态 79

   40 expression: expression '*' • expression

    IF          偏移，并进入状态 41
    LET         偏移，并进入状态 42
    WHILE       偏移，并进入状态 43
    CASE        偏移，并进入状态 44
    NEW         偏移，并进入状态 45
    ISVOID      偏移，并进入状态 46
    STR_CONST   偏移，并进入状态 47
    INT_CONST   偏移，并进入状态 48
    BOOL_CONST  偏移，并进入状态 49
    OBJECTID    偏移，并进入状态 50
    NOT         偏移，并进入状态 51
    '~'         偏移，并进入状态 52
    '{'         偏移，并进入状态 53
    '('         偏移，并进入状态 54

    expression  转到状态 104


状态 80

   41 expression: expression '/' • expression

    IF          偏移，并进入状态 41
    LET         偏移，并进入状态 42
    WHILE       偏移，并进入状态 43
    CASE        偏移，并进入状态 44
    NEW         偏移，并进入状态 45
    ISVOID      偏移，并进入状态 46
    STR_CONST   偏移，并进入状态 47
    INT_CONST   偏移，并进入状态 48
    BOOL_CONST  偏移，并进入状态 49
    OBJECTID    偏移，并进入状态 50
    NOT         偏移，并进入状态 51
    '~'         偏移，并进入状态 52
    '{'         偏移，并进入状态 53
    '('         偏移，并进入状态 54

    expression  转到状态 105


状态 81

   29 expression: expression '@' • TYPEID '.' OBJECTID '(' formal_expression_list ')'

    TYPEID  偏移，并进入状态 106


状态 82

   28 expression: expression '.' • OBJECTID '(' formal_expression_list ')'

    OBJECTID  偏移，并进入状态 107


状态 83

   13 feature: OBJECTID ':' TYPEID ASSIGN expression ';' •

    $default  使用规则 13 以归约 (feature)


状态 84

   10 feature: OBJECTID '(' ')' ':' TYPEID '{' expression • '}' ';'
   28 expression: expression • '.' OBJECTID '(' formal_expression_list ')'
   29           | expression • '@' TYPEID '.' OBJECTID '(' formal_expression_list ')'
   38           | expression • '+' expression
   39           | expression • '-' expression
   40           | expression • '*' expression
   41           | expression • '/' expression
   43           | expression • '<' expression
   44           | expression • LE expression
   45           | expression • '=' expression

    LE   偏移，并进入状态 74
    '<'  偏移，并进入状态 75
    '='  偏移，并进入状态 76
    '+'  偏移，并进入状态 77
    '-'  偏移，并进入状态 78
    '*'  偏移，并进入状态 79
    '/'  偏移，并进入状态 80
    '@'  偏移，并进入状态 81
    '.'  偏移，并进入状态 82
    '}'  偏移，并进入状态 108


状态 85

   11 feature: OBJECTID '(' formal_list ')' ':' TYPEID '{' • expression '}' ';'

    IF          偏移，并进入状态 41
    LET         偏移，并进入状态 42
    WHILE       偏移，并进入状态 43
    CASE        偏移，并进入状态 44
    NEW         偏移，并进入状态 45
    ISVOID      偏移，并进入状态 46
    STR_CONST   偏移，并进入状态 47
    INT_CONST   偏移，并进入状态 48
    BOOL_CONST  偏移，并进入状态 49
    OBJECTID    偏移，并进入状态 50
    NOT         偏移，并进入状态 51
    '~'         偏移，并进入状态 52
    '{'         偏移，并进入状态 53
    '('         偏移，并进入状态 54

    expression  转到状态 109


状态 86

   31 expression: IF expression THEN • expression ELSE expression FI

    IF          偏移，并进入状态 41
    LET         偏移，并进入状态 42
    WHILE       偏移，并进入状态 43
    CASE        偏移，并进入状态 44
    NEW         偏移，并进入状态 45
    ISVOID      偏移，并进入状态 46
    STR_CONST   偏移，并进入状态 47
    INT_CONST   偏移，并进入状态 48
    BOOL_CONST  偏移，并进入状态 49
    OBJECTID    偏移，并进入状态 50
    NOT         偏移，并进入状态 51
    '~'         偏移，并进入状态 52
    '{'         偏移，并进入状态 53
    '('         偏移，并进入状态 54

    expression  转到状态 110


状态 87

   56 let_expression: error ',' • let_expression

    error     偏移，并进入状态 59
    OBJECTID  偏移，并进入状态 60

    let_expression  转到状态 111


状态 88

   52 let_expression: OBJECTID ':' • TYPEID IN expression
   53               | OBJECTID ':' • TYPEID ASSIGN expression IN expression
   54               | OBJECTID ':' • TYPEID ',' let_expression
   55               | OBJECTID ':' • TYPEID ASSIGN expression ',' let_expression

    TYPEID  偏移，并进入状态 112


状态 89

   32 expression: WHILE expression LOOP • expression POOL

    IF          偏移，并进入状态 41
    LET         偏移，并进入状态 42
    WHILE       偏移，并进入状态 43
    CASE        偏移，并进入状态 44
    NEW         偏移，并进入状态 45
    ISVOID      偏移，并进入状态 46
    STR_CONST   偏移，并进入状态 47
    INT_CONST   偏移，并进入状态 48
    BOOL_CONST  偏移，并进入状态 49
    OBJECTID    偏移，并进入状态 50
    NOT         偏移，并进入状态 51
    '~'         偏移，并进入状态 52
    '{'         偏移，并进入状态 53
    '('         偏移，并进入状态 54

    expression  转到状态 113


状态 90

   35 expression: CASE expression OF • case_list ESAC

    OBJECTID  偏移，并进入状态 114

    case_list  转到状态 115
    case       转到状态 116


状态 91

   27 expression: OBJECTID ASSIGN expression •
   28           | expression • '.' OBJECTID '(' formal_expression_list ')'
   29           | expression • '@' TYPEID '.' OBJECTID '(' formal_expression_list ')'
   38           | expression • '+' expression
   39           | expression • '-' expression
   40           | expression • '*' expression
   41           | expression • '/' expression
   43           | expression • '<' expression
   44           | expression • LE expression
   45           | expression • '=' expression

    LE   偏移，并进入状态 74
    '<'  偏移，并进入状态 75
    '='  偏移，并进入状态 76
    '+'  偏移，并进入状态 77
    '-'  偏移，并进入状态 78
    '*'  偏移，并进入状态 79
    '/'  偏移，并进入状态 80
    '@'  偏移，并进入状态 81
    '.'  偏移，并进入状态 82

    $default  使用规则 27 以归约 (expression)


状态 92

   26 formal_expression_list: formal_expression_list • ',' expression
   30 expression: OBJECTID '(' formal_expression_list • ')'

    ')'  偏移，并进入状态 117
    ','  偏移，并进入状态 118


状态 93

   25 formal_expression_list: expression •
   28 expression: expression • '.' OBJECTID '(' formal_expression_list ')'
   29           | expression • '@' TYPEID '.' OBJECTID '(' formal_expression_list ')'
   38           | expression • '+' expression
   39           | expression • '-' expression
   40           | expression • '*' expression
   41           | expression • '/' expression
   43           | expression • '<' expression
   44           | expression • LE expression
   45           | expression • '=' expression

    LE   偏移，并进入状态 74
    '<'  偏移，并进入状态 75
    '='  偏移，并进入状态 76
    '+'  偏移，并进入状态 77
    '-'  偏移，并进入状态 78
    '*'  偏移，并进入状态 79
    '/'  偏移，并进入状态 80
    '@'  偏移，并进入状态 81
    '.'  偏移，并进入状态 82

    $default  使用规则 25 以归约 (formal_expression_list)


状态 94

   23 expression_list: error ';' • expression_list

    error       偏移，并进入状态 70
    IF          偏移，并进入状态 41
    LET         偏移，并进入状态 42
    WHILE       偏移，并进入状态 43
    CASE        偏移，并进入状态 44
    NEW         偏移，并进入状态 45
    ISVOID      偏移，并进入状态 46
    STR_CONST   偏移，并进入状态 47
    INT_CONST   偏移，并进入状态 48
    BOOL_CONST  偏移，并进入状态 49
    OBJECTID    偏移，并进入状态 50
    NOT         偏移，并进入状态 51
    '~'         偏移，并进入状态 52
    '{'         偏移，并进入状态 53
    '('         偏移，并进入状态 54

    expression_list  转到状态 119
    expression       转到状态 72


状态 95

   33 expression: '{' expression_list '}' •

    $default  使用规则 33 以归约 (expression)


状态 96

   22 expression_list: expression_list expression • ';'
   28 expression: expression • '.' OBJECTID '(' formal_expression_list ')'
   29           | expression • '@' TYPEID '.' OBJECTID '(' formal_expression_list ')'
   38           | expression • '+' expression
   39           | expression • '-' expression
   40           | expression • '*' expression
   41           | expression • '/' expression
   43           | expression • '<' expression
   44           | expression • LE expression
   45           | expression • '=' expression

    LE   偏移，并进入状态 74
    '<'  偏移，并进入状态 75
    '='  偏移，并进入状态 76
    '+'  偏移，并进入状态 77
    '-'  偏移，并进入状态 78
    '*'  偏移，并进入状态 79
    '/'  偏移，并进入状态 80
    '@'  偏移，并进入状态 81
    '.'  偏移，并进入状态 82
    ';'  偏移，并进入状态 120


状态 97

   21 expression_list: expression ';' •

    $default  使用规则 21 以归约 (expression_list)


状态 98

   47 expression: '(' expression ')' •

    $default  使用规则 47 以归约 (expression)


状态 99

   28 expression: expression • '.' OBJECTID '(' formal_expression_list ')'
   29           | expression • '@' TYPEID '.' OBJECTID '(' formal_expression_list ')'
   38           | expression • '+' expression
   39           | expression • '-' expression
   40           | expression • '*' expression
   41           | expression • '/' expression
   43           | expression • '<' expression
   44           | expression • LE expression
   44           | expression LE expression •
   45           | expression • '=' expression

    '+'  偏移，并进入状态 77
    '-'  偏移，并进入状态 78
    '*'  偏移，并进入状态 79
    '/'  偏移，并进入状态 80
    '@'  偏移，并进入状态 81
    '.'  偏移，并进入状态 82

    LE   错误 (非相联的)
    '<'  错误 (非相联的)
    '='  错误 (非相联的)

    $default  使用规则 44 以归约 (expression)


状态 100

   28 expression: expression • '.' OBJECTID '(' formal_expression_list ')'
   29           | expression • '@' TYPEID '.' OBJECTID '(' formal_expression_list ')'
   38           | expression • '+' expression
   39           | expression • '-' expression
   40           | expression • '*' expression
   41           | expression • '/' expression
   43           | expression • '<' expression
   43           | expression '<' expression •
   44           | expression • LE expression
   45           | expression • '=' expression

    '+'  偏移，并进入状态 77
    '-'  偏移，并进入状态 78
    '*'  偏移，并进入状态 79
    '/'  偏移，并进入状态 80
    '@'  偏移，并进入状态 81
    '.'  偏移，并进入状态 82

    LE   错误 (非相联的)
    '<'  错误 (非相联的)
    '='  错误 (非相联的)

    $default  使用规则 43 以归约 (expression)


状态 101

   28 expression: expression • '.' OBJECTID '(' formal_expression_list ')'
   29           | expression • '@' TYPEID '.' OBJECTID '(' formal_expression_list ')'
   38           | expression • '+' expression
   39           | expression • '-' expression
   40           | expression • '*' expression
   41           | expression • '/' expression
   43           | expression • '<' expression
   44           | expression • LE expression
   45           | expression • '=' expression
   45           | expression '=' expression •

    '+'  偏移，并进入状态 77
    '-'  偏移，并进入状态 78
    '*'  偏移，并进入状态 79
    '/'  偏移，并进入状态 80
    '@'  偏移，并进入状态 81
    '.'  偏移，并进入状态 82

    LE   错误 (非相联的)
    '<'  错误 (非相联的)
    '='  错误 (非相联的)

    $default  使用规则 45 以归约 (expression)


状态 102

   28 expression: expression • '.' OBJECTID '(' formal_expression_list ')'
   29           | expression • '@' TYPEID '.' OBJECTID '(' formal_expression_list ')'
   38           | expression • '+' expression
   38           | expression '+' expression •
   39           | expression • '-' expression
   40           | expression • '*' expression
   41           | expression • '/' expression
   43           | expression • '<' expression
   44           | expression • LE expression
   45           | expression • '=' expression

    '*'  偏移，并进入状态 79
    '/'  偏移，并进入状态 80
    '@'  偏移，并进入状态 81
    '.'  偏移，并进入状态 82

    $default  使用规则 38 以归约 (expression)


状态 103

   28 expression: expression • '.' OBJECTID '(' formal_expression_list ')'
   29           | expression • '@' TYPEID '.' OBJECTID '(' formal_expression_list ')'
   38           | expression • '+' expression
   39           | expression • '-' expression
   39           | expression '-' expression •
   40           | expression • '*' expression
   41           | expression • '/' expression
   43           | expression • '<' expression
   44           | expression • LE expression
   45           | expression • '=' expression

    '*'  偏移，并进入状态 79
    '/'  偏移，并进入状态 80
    '@'  偏移，并进入状态 81
    '.'  偏移，并进入状态 82

    $default  使用规则 39 以归约 (expression)


状态 104

   28 expression: expression • '.' OBJECTID '(' formal_expression_list ')'
   29           | expression • '@' TYPEID '.' OBJECTID '(' formal_expression_list ')'
   38           | expression • '+' expression
   39           | expression • '-' expression
   40           | expression • '*' expression
   40           | expression '*' expression •
   41           | expression • '/' expression
   43           | expression • '<' expression
   44           | expression • LE expression
   45           | expression • '=' expression

    '@'  偏移，并进入状态 81
    '.'  偏移，并进入状态 82

    $default  使用规则 40 以归约 (expression)


状态 105

   28 expression: expression • '.' OBJECTID '(' formal_expression_list ')'
   29           | expression • '@' TYPEID '.' OBJECTID '(' formal_expression_list ')'
   38           | expression • '+' expression
   39           | expression • '-' expression
   40           | expression • '*' expression
   41           | expression • '/' expression
   41           | expression '/' expression •
   43           | expression • '<' expression
   44           | expression • LE expression
   45           | expression • '=' expression

    '@'  偏移，并进入状态 81
    '.'  偏移，并进入状态 82

    $default  使用规则 41 以归约 (expression)


状态 106

   29 expression: expression '@' TYPEID • '.' OBJECTID '(' formal_expression_list ')'

    '.'  偏移，并进入状态 121


状态 107

   28 expression: expression '.' OBJECTID • '(' formal_expression_list ')'

    '('  偏移，并进入状态 122


状态 108

   10 feature: OBJECTID '(' ')' ':' TYPEID '{' expression '}' • ';'

    ';'  偏移，并进入状态 123


状态 109

   11 feature: OBJECTID '(' formal_list ')' ':' TYPEID '{' expression • '}' ';'
   28 expression: expression • '.' OBJECTID '(' formal_expression_list ')'
   29           | expression • '@' TYPEID '.' OBJECTID '(' formal_expression_list ')'
   38           | expression • '+' expression
   39           | expression • '-' expression
   40           | expression • '*' expression
   41           | expression • '/' expression
   43           | expression • '<' expression
   44           | expression • LE expression
   45           | expression • '=' expression

    LE   偏移，并进入状态 74
    '<'  偏移，并进入状态 75
    '='  偏移，并进入状态 76
    '+'  偏移，并进入状态 77
    '-'  偏移，并进入状态 78
    '*'  偏移，并进入状态 79
    '/'  偏移，并进入状态 80
    '@'  偏移，并进入状态 81
    '.'  偏移，并进入状态 82
    '}'  偏移，并进入状态 124


状态 110

   28 expression: expression • '.' OBJECTID '(' formal_expression_list ')'
   29           | expression • '@' TYPEID '.' OBJECTID '(' formal_expression_list ')'
   31           | IF expression THEN expression • ELSE expression FI
   38           | expression • '+' expression
   39           | expression • '-' expression
   40           | expression • '*' expression
   41           | expression • '/' expression
   43           | expression • '<' expression
   44           | expression • LE expression
   45           | expression • '=' expression

    ELSE  偏移，并进入状态 125
    LE    偏移，并进入状态 74
    '<'   偏移，并进入状态 75
    '='   偏移，并进入状态 76
    '+'   偏移，并进入状态 77
    '-'   偏移，并进入状态 78
    '*'   偏移，并进入状态 79
    '/'   偏移，并进入状态 80
    '@'   偏移，并进入状态 81
    '.'   偏移，并进入状态 82


状态 111

   56 let_expression: error ',' let_expression •

    $default  使用规则 56 以归约 (let_expression)


状态 112

   52 let_expression: OBJECTID ':' TYPEID • IN expression
   53               | OBJECTID ':' TYPEID • ASSIGN expression IN expression
   54               | OBJECTID ':' TYPEID • ',' let_expression
   55               | OBJECTID ':' TYPEID • ASSIGN expression ',' let_expression

    IN      偏移，并进入状态 126
    ASSIGN  偏移，并进入状态 127
    ','     偏移，并进入状态 128


状态 113

   28 expression: expression • '.' OBJECTID '(' formal_expression_list ')'
   29           | expression • '@' TYPEID '.' OBJECTID '(' formal_expression_list ')'
   32           | WHILE expression LOOP expression • POOL
   38           | expression • '+' expression
   39           | expression • '-' expression
   40           | expression • '*' expression
   41           | expression • '/' expression
   43           | expression • '<' expression
   44           | expression • LE expression
   45           | expression • '=' expression

    POOL  偏移，并进入状态 129
    LE    偏移，并进入状态 74
    '<'   偏移，并进入状态 75
    '='   偏移，并进入状态 76
    '+'   偏移，并进入状态 77
    '-'   偏移，并进入状态 78
    '*'   偏移，并进入状态 79
    '/'   偏移，并进入状态 80
    '@'   偏移，并进入状态 81
    '.'   偏移，并进入状态 82


状态 114

   20 case: OBJECTID • ':' TYPEID DARROW expression ';'

    ':'  偏移，并进入状态 130


状态 115

   19 case_list: case_list • case
   35 expression: CASE expression OF case_list • ESAC

    ESAC      偏移，并进入状态 131
    OBJECTID  偏移，并进入状态 114

    case  转到状态 132


状态 116

   18 case_list: case •

    $default  使用规则 18 以归约 (case_list)


状态 117

   30 expression: OBJECTID '(' formal_expression_list ')' •

    $default  使用规则 30 以归约 (expression)


状态 118

   26 formal_expression_list: formal_expression_list ',' • expression

    IF          偏移，并进入状态 41
    LET         偏移，并进入状态 42
    WHILE       偏移，并进入状态 43
    CASE        偏移，并进入状态 44
    NEW         偏移，并进入状态 45
    ISVOID      偏移，并进入状态 46
    STR_CONST   偏移，并进入状态 47
    INT_CONST   偏移，并进入状态 48
    BOOL_CONST  偏移，并进入状态 49
    OBJECTID    偏移，并进入状态 50
    NOT         偏移，并进入状态 51
    '~'         偏移，并进入状态 52
    '{'         偏移，并进入状态 53
    '('         偏移，并进入状态 54

    expression  转到状态 133


状态 119

   22 expression_list: expression_list • expression ';'
   23                | error ';' expression_list •

    IF          偏移，并进入状态 41
    LET         偏移，并进入状态 42
    WHILE       偏移，并进入状态 43
    CASE        偏移，并进入状态 44
    NEW         偏移，并进入状态 45
    ISVOID      偏移，并进入状态 46
    STR_CONST   偏移，并进入状态 47
    INT_CONST   偏移，并进入状态 48
    BOOL_CONST  偏移，并进入状态 49
    OBJECTID    偏移，并进入状态 50
    NOT         偏移，并进入状态 51
    '~'         偏移，并进入状态 52
    '{'         偏移，并进入状态 53
    '('         偏移，并进入状态 54

    IF          [使用规则 23 以归约 (expression_list)]
    LET         [使用规则 23 以归约 (expression_list)]
    WHILE       [使用规则 23 以归约 (expression_list)]
    CASE        [使用规则 23 以归约 (expression_list)]
    NEW         [使用规则 23 以归约 (expression_list)]
    ISVOID      [使用规则 23 以归约 (expression_list)]
    STR_CONST   [使用规则 23 以归约 (expression_list)]
    INT_CONST   [使用规则 23 以归约 (expression_list)]
    BOOL_CONST  [使用规则 23 以归约 (expression_list)]
    OBJECTID    [使用规则 23 以归约 (expression_list)]
    NOT         [使用规则 23 以归约 (expression_list)]
    '~'         [使用规则 23 以归约 (expression_list)]
    '{'         [使用规则 23 以归约 (expression_list)]
    '('         [使用规则 23 以归约 (expression_list)]
    $default    使用规则 23 以归约 (expression_list)

    expression  转到状态 96


状态 120

   22 expression_list: expression_list expression ';' •

    $default  使用规则 22 以归约 (expression_list)


状态 121

   29 expression: expression '@' TYPEID '.' • OBJECTID '(' formal_expression_list ')'

    OBJECTID  偏移，并进入状态 134


状态 122

   28 expression: expression '.' OBJECTID '(' • formal_expression_list ')'

    IF          偏移，并进入状态 41
    LET         偏移，并进入状态 42
    WHILE       偏移，并进入状态 43
    CASE        偏移，并进入状态 44
    NEW         偏移，并进入状态 45
    ISVOID      偏移，并进入状态 46
    STR_CONST   偏移，并进入状态 47
    INT_CONST   偏移，并进入状态 48
    BOOL_CONST  偏移，并进入状态 49
    OBJECTID    偏移，并进入状态 50
    NOT         偏移，并进入状态 51
    '~'         偏移，并进入状态 52
    '{'         偏移，并进入状态 53
    '('         偏移，并进入状态 54

    $default  使用规则 24 以归约 (formal_expression_list)

    formal_expression_list  转到状态 135
    expression              转到状态 93


状态 123

   10 feature: OBJECTID '(' ')' ':' TYPEID '{' expression '}' ';' •

    $default  使用规则 10 以归约 (feature)


状态 124

   11 feature: OBJECTID '(' formal_list ')' ':' TYPEID '{' expression '}' • ';'

    ';'  偏移，并进入状态 136


状态 125

   31 expression: IF expression THEN expression ELSE • expression FI

    IF          偏移，并进入状态 41
    LET         偏移，并进入状态 42
    WHILE       偏移，并进入状态 43
    CASE        偏移，并进入状态 44
    NEW         偏移，并进入状态 45
    ISVOID      偏移，并进入状态 46
    STR_CONST   偏移，并进入状态 47
    INT_CONST   偏移，并进入状态 48
    BOOL_CONST  偏移，并进入状态 49
    OBJECTID    偏移，并进入状态 50
    NOT         偏移，并进入状态 51
    '~'         偏移，并进入状态 52
    '{'         偏移，并进入状态 53
    '('         偏移，并进入状态 54

    expression  转到状态 137


状态 126

   52 let_expression: OBJECTID ':' TYPEID IN • expression

    IF          偏移，并进入状态 41
    LET         偏移，并进入状态 42
    WHILE       偏移，并进入状态 43
    CASE        偏移，并进入状态 44
    NEW         偏移，并进入状态 45
    ISVOID      偏移，并进入状态 46
    STR_CONST   偏移，并进入状态 47
    INT_CONST   偏移，并进入状态 48
    BOOL_CONST  偏移，并进入状态 49
    OBJECTID    偏移，并进入状态 50
    NOT         偏移，并进入状态 51
    '~'         偏移，并进入状态 52
    '{'         偏移，并进入状态 53
    '('         偏移，并进入状态 54

    expression  转到状态 138


状态 127

   53 let_expression: OBJECTID ':' TYPEID ASSIGN • expression IN expression
   55               | OBJECTID ':' TYPEID ASSIGN • expression ',' let_expression

    IF          偏移，并进入状态 41
    LET         偏移，并进入状态 42
    WHILE       偏移，并进入状态 43
    CASE        偏移，并进入状态 44
    NEW         偏移，并进入状态 45
    ISVOID      偏移，并进入状态 46
    STR_CONST   偏移，并进入状态 47
    INT_CONST   偏移，并进入状态 48
    BOOL_CONST  偏移，并进入状态 49
    OBJECTID    偏移，并进入状态 50
    NOT         偏移，并进入状态 51
    '~'         偏移，并进入状态 52
    '{'         偏移，并进入状态 53
    '('         偏移，并进入状态 54

    expression  转到状态 139


状态 128

   54 let_expression: OBJECTID ':' TYPEID ',' • let_expression

    error     偏移，并进入状态 59
    OBJECTID  偏移，并进入状态 60

    let_expression  转到状态 140


状态 129

   32 expression: WHILE expression LOOP expression POOL •

    $default  使用规则 32 以归约 (expression)


状态 130

   20 case: OBJECTID ':' • TYPEID DARROW expression ';'

    TYPEID  偏移，并进入状态 141


状态 131

   35 expression: CASE expression OF case_list ESAC •

    $default  使用规则 35 以归约 (expression)


状态 132

   19 case_list: case_list case •

    $default  使用规则 19 以归约 (case_list)


状态 133

   26 formal_expression_list: formal_expression_list ',' expression •
   28 expression: expression • '.' OBJECTID '(' formal_expression_list ')'
   29           | expression • '@' TYPEID '.' OBJECTID '(' formal_expression_list ')'
   38           | expression • '+' expression
   39           | expression • '-' expression
   40           | expression • '*' expression
   41           | expression • '/' expression
   43           | expression • '<' expression
   44           | expression • LE expression
   45           | expression • '=' expression

    LE   偏移，并进入状态 74
    '<'  偏移，并进入状态 75
    '='  偏移，并进入状态 76
    '+'  偏移，并进入状态 77
    '-'  偏移，并进入状态 78
    '*'  偏移，并进入状态 79
    '/'  偏移，并进入状态 80
    '@'  偏移，并进入状态 81
    '.'  偏移，并进入状态 82

    $default  使用规则 26 以归约 (formal_expression_list)


状态 134

   29 expression: expression '@' TYPEID '.' OBJECTID • '(' formal_expression_list ')'

    '('  偏移，并进入状态 142


状态 135

   26 formal_expression_list: formal_expression_list • ',' expression
   28 expression: expression '.' OBJECTID '(' formal_expression_list • ')'

    ')'  偏移，并进入状态 143
    ','  偏移，并进入状态 118


状态 136

   11 feature: OBJECTID '(' formal_list ')' ':' TYPEID '{' expression '}' ';' •

    $default  使用规则 11 以归约 (feature)


状态 137

   28 expression: expression • '.' OBJECTID '(' formal_expression_list ')'
   29           | expression • '@' TYPEID '.' OBJECTID '(' formal_expression_list ')'
   31           | IF expression THEN expression ELSE expression • FI
   38           | expression • '+' expression
   39           | expression • '-' expression
   40           | expression • '*' expression
   41           | expression • '/' expression
   43           | expression • '<' expression
   44           | expression • LE expression
   45           | expression • '=' expression

    FI   偏移，并进入状态 144
    LE   偏移，并进入状态 74
    '<'  偏移，并进入状态 75
    '='  偏移，并进入状态 76
    '+'  偏移，并进入状态 77
    '-'  偏移，并进入状态 78
    '*'  偏移，并进入状态 79
    '/'  偏移，并进入状态 80
    '@'  偏移，并进入状态 81
    '.'  偏移，并进入状态 82


状态 138

   28 expression: expression • '.' OBJECTID '(' formal_expression_list ')'
   29           | expression • '@' TYPEID '.' OBJECTID '(' formal_expression_list ')'
   38           | expression • '+' expression
   39           | expression • '-' expression
   40           | expression • '*' expression
   41           | expression • '/' expression
   43           | expression • '<' expression
   44           | expression • LE expression
   45           | expression • '=' expression
   52 let_expression: OBJECTID ':' TYPEID IN expression •

    LE   偏移，并进入状态 74
    '<'  偏移，并进入状态 75
    '='  偏移，并进入状态 76
    '+'  偏移，并进入状态 77
    '-'  偏移，并进入状态 78
    '*'  偏移，并进入状态 79
    '/'  偏移，并进入状态 80
    '@'  偏移，并进入状态 81
    '.'  偏移，并进入状态 82

    LE        [使用规则 52 以归约 (let_expression)]
    '<'       [使用规则 52 以归约 (let_expression)]
    '='       [使用规则 52 以归约 (let_expression)]
    '+'       [使用规则 52 以归约 (let_expression)]
    '-'       [使用规则 52 以归约 (let_expression)]
    '*'       [使用规则 52 以归约 (let_expression)]
    '/'       [使用规则 52 以归约 (let_expression)]
    '@'       [使用规则 52 以归约 (let_expression)]
    '.'       [使用规则 52 以归约 (let_expression)]
    $default  使用规则 52 以归约 (let_expression)


状态 139

   28 expression: expression • '.' OBJECTID '(' formal_expression_list ')'
   29           | expression • '@' TYPEID '.' OBJECTID '(' formal_expression_list ')'
   38           | expression • '+' expression
   39           | expression • '-' expression
   40           | expression • '*' expression
   41           | expression • '/' expression
   43           | expression • '<' expression
   44           | expression • LE expression
   45           | expression • '=' expression
   53 let_expression: OBJECTID ':' TYPEID ASSIGN expression • IN expression
   55               | OBJECTID ':' TYPEID ASSIGN expression • ',' let_expression

    IN   偏移，并进入状态 145
    LE   偏移，并进入状态 74
    '<'  偏移，并进入状态 75
    '='  偏移，并进入状态 76
    '+'  偏移，并进入状态 77
    '-'  偏移，并进入状态 78
    '*'  偏移，并进入状态 79
    '/'  偏移，并进入状态 80
    '@'  偏移，并进入状态 81
    '.'  偏移，并进入状态 82
    ','  偏移，并进入状态 146


状态 140

   54 let_expression: OBJECTID ':' TYPEID ',' let_expression •

    $default  使用规则 54 以归约 (let_expression)


状态 141

   20 case: OBJECTID ':' TYPEID • DARROW expression ';'

    DARROW  偏移，并进入状态 147


状态 142

   29 expression: expression '@' TYPEID '.' OBJECTID '(' • formal_expression_list ')'

    IF          偏移，并进入状态 41
    LET         偏移，并进入状态 42
    WHILE       偏移，并进入状态 43
    CASE        偏移，并进入状态 44
    NEW         偏移，并进入状态 45
    ISVOID      偏移，并进入状态 46
    STR_CONST   偏移，并进入状态 47
    INT_CONST   偏移，并进入状态 48
    BOOL_CONST  偏移，并进入状态 49
    OBJECTID    偏移，并进入状态 50
    NOT         偏移，并进入状态 51
    '~'         偏移，并进入状态 52
    '{'         偏移，并进入状态 53
    '('         偏移，并进入状态 54

    $default  使用规则 24 以归约 (formal_expression_list)

    formal_expression_list  转到状态 148
    expression              转到状态 93


状态 143

   28 expression: expression '.' OBJECTID '(' formal_expression_list ')' •

    $default  使用规则 28 以归约 (expression)


状态 144

   31 expression: IF expression THEN expression ELSE expression FI •

    $default  使用规则 31 以归约 (expression)


状态 145

   53 let_expression: OBJECTID ':' TYPEID ASSIGN expression IN • expression

    IF          偏移，并进入状态 41
    LET         偏移，并进入状态 42
    WHILE       偏移，并进入状态 43
    CASE        偏移，并进入状态 44
    NEW         偏移，并进入状态 45
    ISVOID      偏移，并进入状态 46
    STR_CONST   偏移，并进入状态 47
    INT_CONST   偏移，并进入状态 48
    BOOL_CONST  偏移，并进入状态 49
    OBJECTID    偏移，并进入状态 50
    NOT         偏移，并进入状态 51
    '~'         偏移，并进入状态 52
    '{'         偏移，并进入状态 53
    '('         偏移，并进入状态 54

    expression  转到状态 149


状态 146

   55 let_expression: OBJECTID ':' TYPEID ASSIGN expression ',' • let_expression

    error     偏移，并进入状态 59
    OBJECTID  偏移，并进入状态 60

    let_expression  转到状态 150


状态 147

   20 case: OBJECTID ':' TYPEID DARROW • expression ';'

    IF          偏移，并进入状态 41
    LET         偏移，并进入状态 42
    WHILE       偏移，并进入状态 43
    CASE        偏移，并进入状态 44
    NEW         偏移，并进入状态 45
    ISVOID      偏移，并进入状态 46
    STR_CONST   偏移，并进入状态 47
    INT_CONST   偏移，并进入状态 48
    BOOL_CONST  偏移，并进入状态 49
    OBJECTID    偏移，并进入状态 50
    NOT         偏移，并进入状态 51
    '~'         偏移，并进入状态 52
    '{'         偏移，并进入状态 53
    '('         偏移，并进入状态 54

    expression  转到状态 151


状态 148

   26 formal_expression_list: formal_expression_list • ',' expression
   29 expression: expression '@' TYPEID '.' OBJECTID '(' formal_expression_list • ')'

    ')'  偏移，并进入状态 152
    ','  偏移，并进入状态 118


状态 149

   28 expression: expression • '.' OBJECTID '(' formal_expression_list ')'
   29           | expression • '@' TYPEID '.' OBJECTID '(' formal_expression_list ')'
   38           | expression • '+' expression
   39           | expression • '-' expression
   40           | expression • '*' expression
   41           | expression • '/' expression
   43           | expression • '<' expression
   44           | expression • LE expression
   45           | expression • '=' expression
   53 let_expression: OBJECTID ':' TYPEID ASSIGN expression IN expression •

    LE   偏移，并进入状态 74
    '<'  偏移，并进入状态 75
    '='  偏移，并进入状态 76
    '+'  偏移，并进入状态 77
    '-'  偏移，并进入状态 78
    '*'  偏移，并进入状态 79
    '/'  偏移，并进入状态 80
    '@'  偏移，并进入状态 81
    '.'  偏移，并进入状态 82

    LE        [使用规则 53 以归约 (let_expression)]
    '<'       [使用规则 53 以归约 (let_expression)]
    '='       [使用规则 53 以归约 (let_expression)]
    '+'       [使用规则 53 以归约 (let_expression)]
    '-'       [使用规则 53 以归约 (let_expression)]
    '*'       [使用规则 53 以归约 (let_expression)]
    '/'       [使用规则 53 以归约 (let_expression)]
    '@'       [使用规则 53 以归约 (let_expression)]
    '.'       [使用规则 53 以归约 (let_expression)]
    $default  使用规则 53 以归约 (let_expression)


状态 150

   55 let_expression: OBJECTID ':' TYPEID ASSIGN expression ',' let_expression •

    $default  使用规则 55 以归约 (let_expression)


状态 151

   20 case: OBJECTID ':' TYPEID DARROW expression • ';'
   28 expression: expression • '.' OBJECTID '(' formal_expression_list ')'
   29           | expression • '@' TYPEID '.' OBJECTID '(' formal_expression_list ')'
   38           | expression • '+' expression
   39           | expression • '-' expression
   40           | expression • '*' expression
   41           | expression • '/' expression
   43           | expression • '<' expression
   44           | expression • LE expression
   45           | expression • '=' expression

    LE   偏移，并进入状态 74
    '<'  偏移，并进入状态 75
    '='  偏移，并进入状态 76
    '+'  偏移，并进入状态 77
    '-'  偏移，并进入状态 78
    '*'  偏移，并进入状态 79
    '/'  偏移，并进入状态 80
    '@'  偏移，并进入状态 81
    '.'  偏移，并进入状态 82
    ';'  偏移，并进入状态 153


状态 152

   29 expression: expression '@' TYPEID '.' OBJECTID '(' formal_expression_list ')' •

    $default  使用规则 29 以归约 (expression)


状态 153

   20 case: OBJECTID ':' TYPEID DARROW expression ';' •

    $default  使用规则 20 以归约 (case)
